<?xml version="1.0" encoding="UTF-8"?>
<robot generator="Robot 3.2.1 (Python 3.8.0 on win32)" generated="20200528 12:16:40.708" rpa="false">
<suite id="s1" name="Post TC" source="C:\Users\Beauty\eclipse-workspace\API_Testing_Robot_FW\TheTestingWorld_API_Suite\Post_TC">
<suite id="s1-s1" name="Add Student" source="C:\Users\Beauty\eclipse-workspace\API_Testing_Robot_FW\TheTestingWorld_API_Suite\Post_TC\Add_Student.robot">
<test id="s1-s1-t1" name="TC01_Generate student record using POST method">
<kw name="Create Session" library="RequestsLibrary">
<doc>Create Session: create a HTTP session to a server</doc>
<arguments>
<arg>post_st</arg>
<arg>${base_url}</arg>
</arguments>
<msg timestamp="20200528 12:16:45.285" level="INFO">Creating Session using : alias=post_st, url=http://thetestingworldapi.com/, headers={},                     cookies={}, auth=None, timeout=None, proxies=None, verify=False,                     debug=0 </msg>
<status status="PASS" starttime="20200528 12:16:45.284" endtime="20200528 12:16:45.286"></status>
</kw>
<kw name="Create Dictionary" library="BuiltIn">
<doc>Creates and returns a dictionary based on the given ``items``.</doc>
<arguments>
<arg>Content-Type=application/json</arg>
</arguments>
<assign>
<var>&amp;{header}</var>
</assign>
<msg timestamp="20200528 12:16:45.289" level="INFO">&amp;{header} = { Content-Type=application/json }</msg>
<status status="PASS" starttime="20200528 12:16:45.288" endtime="20200528 12:16:45.289"></status>
</kw>
<kw name="Post Request" library="RequestsLibrary">
<doc>Send a POST request on the session object found using the
given `alias`</doc>
<arguments>
<arg>post_st</arg>
<arg>${resource}</arg>
<arg>data=${body}</arg>
<arg>headers=${header}</arg>
</arguments>
<assign>
<var>${post_resp}</var>
</assign>
<msg timestamp="20200528 12:16:46.174" level="INFO">POST Request : url=http://thetestingworldapi.com//api/studentsDetails 
 path_url=//api/studentsDetails 
 headers={'User-Agent': 'python-requests/2.23.0', 'Accept-Encoding': 'gzip, deflate', 'Accept': '*/*', 'Connection': 'keep-alive', 'Content-Type': 'application/json', 'Content-Length': '102'} 
 body={"first_name": "Mohit", "middle_name": "kumar", "last_name": "Raikwar", "date_of_birth": "07/03/1993"} 
 </msg>
<msg timestamp="20200528 12:16:46.174" level="INFO">POST Response : url=http://thetestingworldapi.com//api/studentsDetails 
 status=201, reason=Created 
 body={"id":189768,"first_name":"Mohit","middle_name":"kumar","last_name":"Raikwar","date_of_birth":"07/03/1993"} 
 </msg>
<msg timestamp="20200528 12:16:46.175" level="INFO">${post_resp} = &lt;Response [201]&gt;</msg>
<status status="PASS" starttime="20200528 12:16:45.291" endtime="20200528 12:16:46.175"></status>
</kw>
<kw name="Log To Console" library="BuiltIn">
<doc>Logs the given message to the console.</doc>
<arguments>
<arg>${post_resp.content}</arg>
</arguments>
<status status="PASS" starttime="20200528 12:16:46.178" endtime="20200528 12:16:46.181"></status>
</kw>
<kw name="Convert To String" library="BuiltIn">
<doc>Converts the given item to a Unicode string.</doc>
<arguments>
<arg>${post_resp.status_code}</arg>
</arguments>
<assign>
<var>${status_cd}</var>
</assign>
<msg timestamp="20200528 12:16:46.188" level="INFO">${status_cd} = 201</msg>
<status status="PASS" starttime="20200528 12:16:46.184" endtime="20200528 12:16:46.188"></status>
</kw>
<kw name="Should Be Equal" library="BuiltIn">
<doc>Fails if the given objects are unequal.</doc>
<arguments>
<arg>${status_cd}</arg>
<arg>201</arg>
</arguments>
<status status="PASS" starttime="20200528 12:16:46.190" endtime="20200528 12:16:46.192"></status>
</kw>
<kw name="To Json" library="RequestsLibrary">
<doc>Convert a string to a JSON object</doc>
<arguments>
<arg>${post_resp.content}</arg>
</arguments>
<assign>
<var>${json_resp}</var>
</assign>
<msg timestamp="20200528 12:16:46.197" level="INFO">To JSON using : content={"id":189768,"first_name":"Mohit","middle_name":"kumar","last_name":"Raikwar","date_of_birth":"07/03/1993"} </msg>
<msg timestamp="20200528 12:16:46.197" level="INFO">To JSON using : pretty_print=False </msg>
<msg timestamp="20200528 12:16:46.197" level="INFO">${json_resp} = {'id': 189768, 'first_name': 'Mohit', 'middle_name': 'kumar', 'last_name': 'Raikwar', 'date_of_birth': '07/03/1993'}</msg>
<status status="PASS" starttime="20200528 12:16:46.195" endtime="20200528 12:16:46.197"></status>
</kw>
<kw name="Get Value From Json" library="JSONLibrary">
<doc>Get Value From JSON using JSONPath</doc>
<arguments>
<arg>${json_resp}</arg>
<arg>id</arg>
</arguments>
<assign>
<var>${id}</var>
</assign>
<msg timestamp="20200528 12:16:46.416" level="INFO">${id} = [189768]</msg>
<status status="PASS" starttime="20200528 12:16:46.200" endtime="20200528 12:16:46.416"></status>
</kw>
<kw name="Log To Console" library="BuiltIn">
<doc>Logs the given message to the console.</doc>
<arguments>
<arg>${id}[0]</arg>
</arguments>
<status status="PASS" starttime="20200528 12:16:46.418" endtime="20200528 12:16:46.420"></status>
</kw>
<tags>
<tag>Regression</tag>
</tags>
<status status="PASS" starttime="20200528 12:16:45.281" endtime="20200528 12:16:46.423" critical="yes"></status>
</test>
<status status="PASS" starttime="20200528 12:16:40.915" endtime="20200528 12:16:46.453"></status>
</suite>
<suite id="s1-s2" name="Add Student Using Json File" source="C:\Users\Beauty\eclipse-workspace\API_Testing_Robot_FW\TheTestingWorld_API_Suite\Post_TC\Add_Student_Using_Json_File.robot">
<test id="s1-s2-t1" name="TC01_Create student using complex json file">
<kw name="Create Session" library="RequestsLibrary">
<doc>Create Session: create a HTTP session to a server</doc>
<arguments>
<arg>stu_post</arg>
<arg>${base_url}</arg>
</arguments>
<msg timestamp="20200528 12:16:49.759" level="INFO">Creating Session using : alias=stu_post, url=http://thetestingworldapi.com, headers={},                     cookies={}, auth=None, timeout=None, proxies=None, verify=False,                     debug=0 </msg>
<status status="PASS" starttime="20200528 12:16:49.756" endtime="20200528 12:16:49.762"></status>
</kw>
<kw name="Read Json" library="Read_Json_File">
<arguments>
<arg>${filepath}</arg>
</arguments>
<assign>
<var>${body_from_Json}</var>
</assign>
<msg timestamp="20200528 12:16:49.966" level="INFO">C:\Users\Beauty\eclipse-workspace\API_Testing_Robot_FW\TheTestingWorld_API_Suite</msg>
<msg timestamp="20200528 12:16:49.966" level="INFO">${body_from_Json} = {'first_name': 'Mohit', 'middle_name': 'Kumar', 'last_name': 'Raikwar', 'date_of_birth': '07/03/1993'}</msg>
<status status="PASS" starttime="20200528 12:16:49.766" endtime="20200528 12:16:49.967"></status>
</kw>
<kw name="Post Request" library="RequestsLibrary">
<doc>Send a POST request on the session object found using the
given `alias`</doc>
<arguments>
<arg>stu_post</arg>
<arg>${resource}</arg>
<arg>data=${body_from_Json}</arg>
<arg>headers=${header}</arg>
</arguments>
<assign>
<var>${post_resp}</var>
</assign>
<msg timestamp="20200528 12:16:50.013" level="INFO">POST Request : url=http://thetestingworldapi.com/api/studentsDetails 
 path_url=/api/studentsDetails 
 headers={'User-Agent': 'python-requests/2.23.0', 'Accept-Encoding': 'gzip, deflate', 'Accept': '*/*', 'Connection': 'keep-alive', 'Content-Type': 'application/json', 'Content-Length': '102'} 
 body={"first_name": "Mohit", "middle_name": "Kumar", "last_name": "Raikwar", "date_of_birth": "07/03/1993"} 
 </msg>
<msg timestamp="20200528 12:16:50.013" level="INFO">POST Response : url=http://thetestingworldapi.com/api/studentsDetails 
 status=201, reason=Created 
 body={"id":189769,"first_name":"Mohit","middle_name":"Kumar","last_name":"Raikwar","date_of_birth":"07/03/1993"} 
 </msg>
<msg timestamp="20200528 12:16:50.014" level="INFO">${post_resp} = &lt;Response [201]&gt;</msg>
<status status="PASS" starttime="20200528 12:16:49.968" endtime="20200528 12:16:50.014"></status>
</kw>
<kw name="Log To Console" library="BuiltIn">
<doc>Logs the given message to the console.</doc>
<arguments>
<arg>${post_resp.content}</arg>
</arguments>
<status status="PASS" starttime="20200528 12:16:50.015" endtime="20200528 12:16:50.018"></status>
</kw>
<kw name="To Json" library="RequestsLibrary">
<doc>Convert a string to a JSON object</doc>
<arguments>
<arg>${post_resp.content}</arg>
</arguments>
<assign>
<var>${json_resp}</var>
</assign>
<msg timestamp="20200528 12:16:50.020" level="INFO">To JSON using : content={"id":189769,"first_name":"Mohit","middle_name":"Kumar","last_name":"Raikwar","date_of_birth":"07/03/1993"} </msg>
<msg timestamp="20200528 12:16:50.020" level="INFO">To JSON using : pretty_print=False </msg>
<msg timestamp="20200528 12:16:50.021" level="INFO">${json_resp} = {'id': 189769, 'first_name': 'Mohit', 'middle_name': 'Kumar', 'last_name': 'Raikwar', 'date_of_birth': '07/03/1993'}</msg>
<status status="PASS" starttime="20200528 12:16:50.019" endtime="20200528 12:16:50.021"></status>
</kw>
<kw name="Get Value From Json" library="JSONLibrary">
<doc>Get Value From JSON using JSONPath</doc>
<arguments>
<arg>${json_resp}</arg>
<arg>id</arg>
</arguments>
<assign>
<var>@{id_list}</var>
</assign>
<msg timestamp="20200528 12:16:50.128" level="INFO">@{id_list} = [ 189769 ]</msg>
<status status="PASS" starttime="20200528 12:16:50.022" endtime="20200528 12:16:50.128"></status>
</kw>
<kw name="Get From List" library="Collections">
<doc>Returns the value specified with an ``index`` from ``list``.</doc>
<arguments>
<arg>${id_list}</arg>
<arg>0</arg>
</arguments>
<assign>
<var>${id}</var>
</assign>
<msg timestamp="20200528 12:16:50.130" level="INFO">${id} = 189769</msg>
<status status="PASS" starttime="20200528 12:16:50.129" endtime="20200528 12:16:50.130"></status>
</kw>
<kw name="Log To Console" library="BuiltIn">
<doc>Logs the given message to the console.</doc>
<arguments>
<arg>id_of_new_student_is_:${id}</arg>
</arguments>
<status status="PASS" starttime="20200528 12:16:50.131" endtime="20200528 12:16:50.132"></status>
</kw>
<doc>This scripts will create new student by using complex payload present in json file using python read_json user defined method</doc>
<tags>
<tag>Regression</tag>
<tag>Smoke</tag>
</tags>
<status status="PASS" starttime="20200528 12:16:49.744" endtime="20200528 12:16:50.133" critical="yes"></status>
</test>
<status status="PASS" starttime="20200528 12:16:46.463" endtime="20200528 12:16:50.136"></status>
</suite>
<status status="PASS" starttime="20200528 12:16:40.730" endtime="20200528 12:16:50.145"></status>
</suite>
<statistics>
<total>
<stat pass="2" fail="0">Critical Tests</stat>
<stat pass="2" fail="0">All Tests</stat>
</total>
<tag>
<stat pass="2" fail="0">Regression</stat>
<stat pass="1" fail="0">Smoke</stat>
</tag>
<suite>
<stat pass="2" fail="0" id="s1" name="Post TC">Post TC</stat>
<stat pass="1" fail="0" id="s1-s1" name="Add Student">Post TC.Add Student</stat>
<stat pass="1" fail="0" id="s1-s2" name="Add Student Using Json File">Post TC.Add Student Using Json File</stat>
</suite>
</statistics>
<errors>
</errors>
</robot>
